<?xml version="1.0" encoding="UTF-8"?>
<!-- Generated by org.testng.reporters.JUnitXMLReporter -->
<testsuite ignored="2" hostname="LIN-5CD5265GX5" failures="0" tests="1" name="Default test" time="0.068" errors="0" timestamp="2026-01-27T15:48:50 IST">
  <testcase classname="testPractice.again.Practices" name="pairsOfSum" time="0.013"/>
  <testcase classname="testPractice.again.Practices" name="countWords" time="0.0">
    <ignored/>
  </testcase> <!-- countWords -->
  <testcase classname="testPractice.again.Practices" name="anagram" time="0.0">
    <ignored/>
  </testcase> <!-- anagram -->
</testsuite> <!-- Default test -->
