<?xml version="1.0" encoding="UTF-8"?>
<testng-results ignored="2" total="3" passed="1" failed="0" skipped="0">
  <reporter-output>
  </reporter-output>
  <suite started-at="2026-01-27T15:48:50 IST" name="Default suite" finished-at="2026-01-27T15:48:50 IST" duration-ms="68">
    <groups>
    </groups>
    <test started-at="2026-01-27T15:48:50 IST" name="Default test" finished-at="2026-01-27T15:48:50 IST" duration-ms="68">
      <class name="testPractice.again.Practices">
        <test-method signature="pairsOfSum()[pri:0, instance:testPractice.again.Practices@3eb25e1a]" started-at="2026-01-27T15:48:50 IST" name="pairsOfSum" finished-at="2026-01-27T15:48:50 IST" duration-ms="13" status="PASS">
          <reporter-output>
          </reporter-output>
        </test-method> <!-- pairsOfSum -->
      </class> <!-- testPractice.again.Practices -->
    </test> <!-- Default test -->
  </suite> <!-- Default suite -->
</testng-results>
