<?xml version="1.0" encoding="UTF-8"?>
<!-- Generated by org.testng.reporters.JUnitReportReporter -->
<testsuite hostname="LIN-5CD5265GX5" failures="0" tests="2" name="Selenium.Practice.SeleniumPractice" time="11.493" errors="0" timestamp="2025-09-20T22:36:16 IST" skipped="0">
  <testcase classname="Selenium.Practice.SeleniumPractice" name="takeScreenshot" time="6.430"/>
  <testcase classname="Selenium.Practice.SeleniumPractice" name="writeExcel" time="5.063"/>
</testsuite> <!-- Selenium.Practice.SeleniumPractice -->
