<?xml version="1.0" encoding="UTF-8"?>
<!-- Generated by org.testng.reporters.JUnitReportReporter -->
<testsuite hostname="LIN-5CD5265GX5" failures="0" tests="7" name="parcticess.StringsP.StringPr" time="0.029" errors="0" timestamp="2026-01-09T21:14:17 IST" skipped="0">
  <testcase classname="parcticess.StringsP.StringPr" name="uniqDup" time="0.003"/>
  <testcase classname="parcticess.StringsP.StringPr" name="reverseString" time="0.003"/>
  <testcase classname="parcticess.StringsP.StringPr" name="reverseWords" time="0.002"/>
  <testcase classname="parcticess.StringsP.StringPr" name="printDup" time="0.002"/>
  <testcase classname="parcticess.StringsP.StringPr" name="renDup" time="0.002"/>
  <testcase classname="parcticess.StringsP.StringPr" name="countVowels" time="0.014"/>
  <testcase classname="parcticess.StringsP.StringPr" name="reverseStringwithPosition" time="0.003"/>
</testsuite> <!-- parcticess.StringsP.StringPr -->
