<?xml version="1.0" encoding="UTF-8"?>
<!-- Generated by org.testng.reporters.JUnitReportReporter -->
<testsuite hostname="LIN-5CD5265GX5" failures="0" tests="4" name="RESTAPI.ecommerce_E2E.Ecom_E2E_Test" time="3.692" errors="0" timestamp="2025-10-16T18:20:05 IST" skipped="0">
  <testcase classname="RESTAPI.ecommerce_E2E.Ecom_E2E_Test" name="loginSite" time="2.256"/>
  <testcase classname="RESTAPI.ecommerce_E2E.Ecom_E2E_Test" name="addproduct" time="1.012"/>
  <testcase classname="RESTAPI.ecommerce_E2E.Ecom_E2E_Test" name="createOrder" time="0.262"/>
  <testcase classname="RESTAPI.ecommerce_E2E.Ecom_E2E_Test" name="deleteOrder" time="0.162"/>
</testsuite> <!-- RESTAPI.ecommerce_E2E.Ecom_E2E_Test -->
