<?xml version="1.0" encoding="UTF-8"?>
<!-- Generated by org.testng.reporters.JUnitReportReporter -->
<testsuite hostname="LIN-5CD5265GX5" failures="0" tests="3" name="RESTAPI.tests.DataProviderTest" time="3.912" errors="0" timestamp="2025-09-15T11:51:18 IST" skipped="0">
  <testcase classname="RESTAPI.tests.DataProviderTest" name="addBooks" time="3.352"/>
  <testcase classname="RESTAPI.tests.DataProviderTest" name="addBooks" time="0.271"/>
  <testcase classname="RESTAPI.tests.DataProviderTest" name="addBooks" time="0.289"/>
</testsuite> <!-- RESTAPI.tests.DataProviderTest -->
