<?xml version="1.0" encoding="UTF-8"?>
<!-- Generated by org.testng.reporters.JUnitReportReporter -->
<testsuite hostname="LIN-5CD5265GX5" failures="0" tests="6" name="RESTAPI.tests.CourseDetailValidations" time="0.152" errors="0" timestamp="2025-09-11T16:20:54 IST" skipped="5">
  <testcase classname="RESTAPI.tests.CourseDetailValidations" name="verifySumofAllCourses" time="0.152"/>
  <testcase classname="RESTAPI.tests.CourseDetailValidations" name="printTitleofFirstCourse">
    <skipped/>
  </testcase> <!-- printTitleofFirstCourse -->
  <testcase classname="RESTAPI.tests.CourseDetailValidations" name="printNoofCopiesbyRPA">
    <skipped/>
  </testcase> <!-- printNoofCopiesbyRPA -->
  <testcase classname="RESTAPI.tests.CourseDetailValidations" name="printAllCoursesandPrices">
    <skipped/>
  </testcase> <!-- printAllCoursesandPrices -->
  <testcase classname="RESTAPI.tests.CourseDetailValidations" name="printPurchaseAmt">
    <skipped/>
  </testcase> <!-- printPurchaseAmt -->
  <testcase classname="RESTAPI.tests.CourseDetailValidations" name="printNoofCourses">
    <skipped/>
  </testcase> <!-- printNoofCourses -->
</testsuite> <!-- RESTAPI.tests.CourseDetailValidations -->
