<?xml version="1.0" encoding="UTF-8"?>
<!-- Generated by org.testng.reporters.JUnitReportReporter -->
<testsuite hostname="LIN-5CD5265GX5" failures="0" tests="4" name="restAssured.RestAPITest" time="4.749" errors="0" timestamp="2026-01-13T19:01:18 IST" skipped="0">
  <testcase classname="restAssured.RestAPITest" name="postTest" time="3.617"/>
  <testcase classname="restAssured.RestAPITest" name="fetchParticularData" time="0.443"/>
  <testcase classname="restAssured.RestAPITest" name="putTest" time="0.335"/>
  <testcase classname="restAssured.RestAPITest" name="deleteTest" time="0.354"/>
</testsuite> <!-- restAssured.RestAPITest -->
