<?xml version="1.0" encoding="UTF-8"?>
<!-- Generated by org.testng.reporters.JUnitReportReporter -->
<testsuite hostname="LIN-5CD5265GX5" failures="0" tests="4" name="restAssured.RestAssuredTestDe" time="4.840" errors="0" timestamp="2026-01-13T19:16:54 IST" skipped="0">
  <testcase classname="restAssured.RestAssuredTestDe" name="postTest" time="3.451"/>
  <testcase classname="restAssured.RestAssuredTestDe" name="getMethod" time="0.504"/>
  <testcase classname="restAssured.RestAssuredTestDe" name="putTest" time="0.383"/>
  <testcase classname="restAssured.RestAssuredTestDe" name="deletePost" time="0.502"/>
</testsuite> <!-- restAssured.RestAssuredTestDe -->
