<?xml version="1.0" encoding="UTF-8"?>
<!-- Generated by org.testng.reporters.JUnitReportReporter -->
<testsuite hostname="LIN-5CD5265GX5" failures="0" tests="3" name="RESTAPI.tests.DynamicJson" time="4.056" errors="0" timestamp="2025-09-12T16:27:28 IST" skipped="0">
  <testcase classname="RESTAPI.tests.DynamicJson" name="addBook" time="2.619"/>
  <testcase classname="RESTAPI.tests.DynamicJson" name="getBookDetails" time="0.147"/>
  <testcase classname="RESTAPI.tests.DynamicJson" name="deleteBookDetail" time="1.290"/>
</testsuite> <!-- RESTAPI.tests.DynamicJson -->
